#-----------------------------------------------------------
# Vivado v2016.4 (64-bit)
# SW Build 1733598 on Wed Dec 14 22:35:42 MST 2016
# IP Build 1731160 on Wed Dec 14 23:47:21 MST 2016
# Start of session at: Wed Feb  7 18:48:52 2018
# Process ID: 21639
# Current directory: /home/cc/eecs151/sp18/class/eecs151-aaq/fpga_labs_sp18/lab3/sim
# Command line: vivado
# Log file: /home/cc/eecs151/sp18/class/eecs151-aaq/fpga_labs_sp18/lab3/sim/vivado.log
# Journal file: /home/cc/eecs151/sp18/class/eecs151-aaq/fpga_labs_sp18/lab3/sim/vivado.jou
#-----------------------------------------------------------
start_gui
open_project /home/cc/eecs151/sp18/class/eecs151-aaq/fpga_labs_sp18/lab3/lab3.xpr
Scanning sources...
Finished scanning sources
INFO: [IP_Flow 19-234] Refreshing IP repositories
INFO: [IP_Flow 19-1704] No user IP repositories specified
INFO: [IP_Flow 19-2313] Loaded Vivado IP repository '/opt/Xilinx/Vivado/current/data/ip'.
open_project: Time (s): cpu = 00:00:10 ; elapsed = 00:00:07 . Memory (MB): peak = 5946.723 ; gain = 56.137 ; free physical = 7761 ; free virtual = 22247
open_hw
connect_hw_server
INFO: [Labtools 27-2285] Connecting to hw_server url TCP:localhost:3121
INFO: [Labtools 27-2222] Launching hw_server...
INFO: [Labtools 27-2221] Launch Output:

****** Xilinx hw_server v2016.4
  **** Build date : Dec 14 2016-22:55:00
    ** Copyright 1986-2016 Xilinx, Inc. All Rights Reserved.


open_hw_target
INFO: [Labtoolstcl 44-466] Opening hw_target localhost:3121/xilinx_tcf/Digilent/003017A6DEA7A
set_property PROGRAM.FILE {/home/cc/eecs151/sp18/class/eecs151-aaq/fpga_labs_sp18/lab3/lab3.runs/impl_1/z1top.bit} [lindex [get_hw_devices xc7z020_1] 0]
current_hw_device [lindex [get_hw_devices xc7z020_1] 0]
refresh_hw_device -update_hw_probes false [lindex [get_hw_devices xc7z020_1] 0]
INFO: [Labtools 27-1434] Device xc7z020 (JTAG device index = 1) is programmed with a design that has no supported debug core(s) in it.
WARNING: [Labtools 27-3123] The debug hub core was not detected at User Scan Chain 1 or 3.
Resolution: 
1. Make sure the clock connected to the debug hub (dbg_hub) core is a free running clock and is active OR
2. Manually launch hw_server with -e "set xsdb-user-bscan <C_USER_SCAN_CHAIN scan_chain_number>" to detect the debug hub at User Scan Chain of 2 or 4. To determine the user scan chain setting, open the implemented design and use: get_property C_USER_SCAN_CHAIN [get_debug_cores dbg_hub].
