
*** Running vivado
    with args -log z1top.vdi -applog -m64 -product Vivado -messageDb vivado.pb -mode batch -source z1top.tcl -notrace


****** Vivado v2017.4.1 (64-bit)
  **** SW Build 2117270 on Tue Jan 30 15:32:00 MST 2018
  **** IP Build 2095745 on Tue Jan 30 17:13:15 MST 2018
    ** Copyright 1986-2017 Xilinx, Inc. All Rights Reserved.

source z1top.tcl -notrace
Command: link_design -top z1top -part xc7z020clg400-3
Design is defaulting to srcset: sources_1
Design is defaulting to constrset: constrs_1
INFO: [Netlist 29-17] Analyzing 8 Unisim elements for replacement
INFO: [Netlist 29-28] Unisim Transformation completed in 1 CPU seconds
INFO: [Project 1-479] Netlist was created with Vivado 2017.4.1
INFO: [Device 21-403] Loading part xc7z020clg400-3
INFO: [Project 1-570] Preparing netlist for logic optimization
Parsing XDC File [C:/fpga_labs_sp18/lab5/lab5/lab5.srcs/constrs_1/imports/constrs_1/PYNQ-Z1_C.xdc]
Finished Parsing XDC File [C:/fpga_labs_sp18/lab5/lab5/lab5.srcs/constrs_1/imports/constrs_1/PYNQ-Z1_C.xdc]
INFO: [Opt 31-138] Pushed 0 inverter(s) to 0 load pin(s).
INFO: [Project 1-111] Unisim Transformation Summary:
No Unisim elements were transformed.

7 Infos, 0 Warnings, 0 Critical Warnings and 0 Errors encountered.
link_design completed successfully
link_design: Time (s): cpu = 00:00:07 ; elapsed = 00:00:08 . Memory (MB): peak = 569.738 ; gain = 338.410
Command: opt_design
Attempting to get a license for feature 'Implementation' and/or device 'xc7z020'
INFO: [Common 17-349] Got license for feature 'Implementation' and/or device 'xc7z020'
Running DRC as a precondition to command opt_design

Starting DRC Task
INFO: [DRC 23-27] Running DRC with 2 threads
INFO: [Project 1-461] DRC finished with 0 Errors
INFO: [Project 1-462] Please refer to the DRC report (report_drc) for more information.

Time (s): cpu = 00:00:01 ; elapsed = 00:00:00.522 . Memory (MB): peak = 582.766 ; gain = 13.027
INFO: [Timing 38-35] Done setting XDC timing constraints.

Starting Logic Optimization Task

Phase 1 Retarget
INFO: [Opt 31-138] Pushed 0 inverter(s) to 0 load pin(s).
INFO: [Opt 31-49] Retargeted 0 cell(s).
Phase 1 Retarget | Checksum: 1dbfd94e9

Time (s): cpu = 00:00:00 ; elapsed = 00:00:00.015 . Memory (MB): peak = 1138.641 ; gain = 0.000
INFO: [Opt 31-389] Phase Retarget created 1 cells and removed 0 cells

Phase 2 Constant propagation
INFO: [Opt 31-138] Pushed 0 inverter(s) to 0 load pin(s).
Phase 2 Constant propagation | Checksum: 1dbfd94e9

Time (s): cpu = 00:00:00 ; elapsed = 00:00:00.020 . Memory (MB): peak = 1138.641 ; gain = 0.000
INFO: [Opt 31-389] Phase Constant propagation created 0 cells and removed 0 cells

Phase 3 Sweep
Phase 3 Sweep | Checksum: 139266546

Time (s): cpu = 00:00:01 ; elapsed = 00:00:00.023 . Memory (MB): peak = 1138.641 ; gain = 0.000
INFO: [Opt 31-389] Phase Sweep created 0 cells and removed 0 cells

Phase 4 BUFG optimization
Phase 4 BUFG optimization | Checksum: 139266546

Time (s): cpu = 00:00:01 ; elapsed = 00:00:00.027 . Memory (MB): peak = 1138.641 ; gain = 0.000
INFO: [Opt 31-389] Phase BUFG optimization created 0 cells and removed 0 cells

Phase 5 Shift Register Optimization
Phase 5 Shift Register Optimization | Checksum: 139266546

Time (s): cpu = 00:00:01 ; elapsed = 00:00:00.030 . Memory (MB): peak = 1138.641 ; gain = 0.000
INFO: [Opt 31-389] Phase Shift Register Optimization created 0 cells and removed 0 cells

Starting Connectivity Check Task

Time (s): cpu = 00:00:00 ; elapsed = 00:00:00 . Memory (MB): peak = 1138.641 ; gain = 0.000
Ending Logic Optimization Task | Checksum: 139266546

Time (s): cpu = 00:00:01 ; elapsed = 00:00:00.041 . Memory (MB): peak = 1138.641 ; gain = 0.000

Starting Power Optimization Task
INFO: [Pwropt 34-132] Skipping clock gating for clocks with a period < 2.00 ns.
Ending Power Optimization Task | Checksum: 163fff6c3

Time (s): cpu = 00:00:00 ; elapsed = 00:00:00.006 . Memory (MB): peak = 1138.641 ; gain = 0.000
INFO: [Common 17-83] Releasing license: Implementation
22 Infos, 0 Warnings, 0 Critical Warnings and 0 Errors encountered.
opt_design completed successfully
opt_design: Time (s): cpu = 00:00:13 ; elapsed = 00:00:13 . Memory (MB): peak = 1138.641 ; gain = 568.902
Writing placer database...
Writing XDEF routing.
Writing XDEF routing logical nets.
Writing XDEF routing special nets.
Write XDEF Complete: Time (s): cpu = 00:00:00 ; elapsed = 00:00:00.061 . Memory (MB): peak = 1138.641 ; gain = 0.000
INFO: [Common 17-1381] The checkpoint 'C:/fpga_labs_sp18/lab5/lab5/lab5.runs/impl_1/z1top_opt.dcp' has been generated.
INFO: [runtcl-4] Executing : report_drc -file z1top_drc_opted.rpt -pb z1top_drc_opted.pb -rpx z1top_drc_opted.rpx
Command: report_drc -file z1top_drc_opted.rpt -pb z1top_drc_opted.pb -rpx z1top_drc_opted.rpx
INFO: [IP_Flow 19-234] Refreshing IP repositories
INFO: [IP_Flow 19-1704] No user IP repositories specified
INFO: [IP_Flow 19-2313] Loaded Vivado IP repository 'C:/Xilinx/Vivado/2017.4/data/ip'.
INFO: [DRC 23-27] Running DRC with 2 threads
INFO: [Coretcl 2-168] The results of DRC are in file C:/fpga_labs_sp18/lab5/lab5/lab5.runs/impl_1/z1top_drc_opted.rpt.
report_drc completed successfully
INFO: [Chipscope 16-241] No debug cores found in the current design.
Before running the implement_debug_core command, either use the Set Up Debug wizard (GUI mode)
or use the create_debug_core and connect_debug_core Tcl commands to insert debug cores into the design.
Command: place_design
Attempting to get a license for feature 'Implementation' and/or device 'xc7z020'
INFO: [Common 17-349] Got license for feature 'Implementation' and/or device 'xc7z020'
INFO: [DRC 23-27] Running DRC with 2 threads
INFO: [Vivado_Tcl 4-198] DRC finished with 0 Errors
INFO: [Vivado_Tcl 4-199] Please refer to the DRC report (report_drc) for more information.
Running DRC as a precondition to command place_design
INFO: [DRC 23-27] Running DRC with 2 threads
INFO: [Vivado_Tcl 4-198] DRC finished with 0 Errors
INFO: [Vivado_Tcl 4-199] Please refer to the DRC report (report_drc) for more information.

Starting Placer Task
INFO: [Place 30-611] Multithreading enabled for place_design using a maximum of 2 CPUs

Phase 1 Placer Initialization

Phase 1.1 Placer Initialization Netlist Sorting
Netlist sorting complete. Time (s): cpu = 00:00:00 ; elapsed = 00:00:00 . Memory (MB): peak = 1138.641 ; gain = 0.000
Phase 1.1 Placer Initialization Netlist Sorting | Checksum: 96b6454b

Time (s): cpu = 00:00:00 ; elapsed = 00:00:00.003 . Memory (MB): peak = 1138.641 ; gain = 0.000
INFO: [Timing 38-35] Done setting XDC timing constraints.
INFO: [Opt 31-138] Pushed 0 inverter(s) to 0 load pin(s).
Netlist sorting complete. Time (s): cpu = 00:00:00 ; elapsed = 00:00:00 . Memory (MB): peak = 1138.641 ; gain = 0.000

Phase 1.2 IO Placement/ Clock Placement/ Build Placer Device
INFO: [Timing 38-35] Done setting XDC timing constraints.
Phase 1.2 IO Placement/ Clock Placement/ Build Placer Device | Checksum: 10e285c4b

Time (s): cpu = 00:00:02 ; elapsed = 00:00:00.903 . Memory (MB): peak = 1138.641 ; gain = 0.000

Phase 1.3 Build Placer Netlist Model
Phase 1.3 Build Placer Netlist Model | Checksum: 1501bc16b

Time (s): cpu = 00:00:02 ; elapsed = 00:00:00.944 . Memory (MB): peak = 1138.641 ; gain = 0.000

Phase 1.4 Constrain Clocks/Macros
Phase 1.4 Constrain Clocks/Macros | Checksum: 1501bc16b

Time (s): cpu = 00:00:02 ; elapsed = 00:00:00.946 . Memory (MB): peak = 1138.641 ; gain = 0.000
Phase 1 Placer Initialization | Checksum: 1501bc16b

Time (s): cpu = 00:00:02 ; elapsed = 00:00:00.947 . Memory (MB): peak = 1138.641 ; gain = 0.000

Phase 2 Global Placement
Phase 2 Global Placement | Checksum: 14f011662

Time (s): cpu = 00:00:02 ; elapsed = 00:00:01 . Memory (MB): peak = 1138.641 ; gain = 0.000

Phase 3 Detail Placement

Phase 3.1 Commit Multi Column Macros
Phase 3.1 Commit Multi Column Macros | Checksum: 14f011662

Time (s): cpu = 00:00:02 ; elapsed = 00:00:01 . Memory (MB): peak = 1138.641 ; gain = 0.000

Phase 3.2 Commit Most Macros & LUTRAMs
Phase 3.2 Commit Most Macros & LUTRAMs | Checksum: 111d661e8

Time (s): cpu = 00:00:02 ; elapsed = 00:00:01 . Memory (MB): peak = 1138.641 ; gain = 0.000

Phase 3.3 Area Swap Optimization
Phase 3.3 Area Swap Optimization | Checksum: 167adada2

Time (s): cpu = 00:00:02 ; elapsed = 00:00:01 . Memory (MB): peak = 1138.641 ; gain = 0.000

Phase 3.4 Pipeline Register Optimization
Phase 3.4 Pipeline Register Optimization | Checksum: 167adada2

Time (s): cpu = 00:00:02 ; elapsed = 00:00:01 . Memory (MB): peak = 1138.641 ; gain = 0.000

Phase 3.5 Small Shape Detail Placement
Phase 3.5 Small Shape Detail Placement | Checksum: 196766023

Time (s): cpu = 00:00:03 ; elapsed = 00:00:02 . Memory (MB): peak = 1138.641 ; gain = 0.000

Phase 3.6 Re-assign LUT pins
Phase 3.6 Re-assign LUT pins | Checksum: 196766023

Time (s): cpu = 00:00:03 ; elapsed = 00:00:02 . Memory (MB): peak = 1138.641 ; gain = 0.000

Phase 3.7 Pipeline Register Optimization
Phase 3.7 Pipeline Register Optimization | Checksum: 196766023

Time (s): cpu = 00:00:03 ; elapsed = 00:00:02 . Memory (MB): peak = 1138.641 ; gain = 0.000
Phase 3 Detail Placement | Checksum: 196766023

Time (s): cpu = 00:00:03 ; elapsed = 00:00:02 . Memory (MB): peak = 1138.641 ; gain = 0.000

Phase 4 Post Placement Optimization and Clean-Up

Phase 4.1 Post Commit Optimization
Phase 4.1 Post Commit Optimization | Checksum: 196766023

Time (s): cpu = 00:00:03 ; elapsed = 00:00:02 . Memory (MB): peak = 1138.641 ; gain = 0.000

Phase 4.2 Post Placement Cleanup
Phase 4.2 Post Placement Cleanup | Checksum: 196766023

Time (s): cpu = 00:00:03 ; elapsed = 00:00:02 . Memory (MB): peak = 1138.641 ; gain = 0.000

Phase 4.3 Placer Reporting
Phase 4.3 Placer Reporting | Checksum: 196766023

Time (s): cpu = 00:00:03 ; elapsed = 00:00:02 . Memory (MB): peak = 1138.641 ; gain = 0.000

Phase 4.4 Final Placement Cleanup
Phase 4.4 Final Placement Cleanup | Checksum: 1f0d2e75e

Time (s): cpu = 00:00:03 ; elapsed = 00:00:02 . Memory (MB): peak = 1138.641 ; gain = 0.000
Phase 4 Post Placement Optimization and Clean-Up | Checksum: 1f0d2e75e

Time (s): cpu = 00:00:03 ; elapsed = 00:00:02 . Memory (MB): peak = 1138.641 ; gain = 0.000
Ending Placer Task | Checksum: 1497b7d95

Time (s): cpu = 00:00:03 ; elapsed = 00:00:02 . Memory (MB): peak = 1138.641 ; gain = 0.000
INFO: [Common 17-83] Releasing license: Implementation
42 Infos, 0 Warnings, 0 Critical Warnings and 0 Errors encountered.
place_design completed successfully
Writing placer database...
Writing XDEF routing.
Writing XDEF routing logical nets.
Writing XDEF routing special nets.
Write XDEF Complete: Time (s): cpu = 00:00:00 ; elapsed = 00:00:00.079 . Memory (MB): peak = 1138.641 ; gain = 0.000
INFO: [Common 17-1381] The checkpoint 'C:/fpga_labs_sp18/lab5/lab5/lab5.runs/impl_1/z1top_placed.dcp' has been generated.
INFO: [runtcl-4] Executing : report_io -file z1top_io_placed.rpt
report_io: Time (s): cpu = 00:00:00 ; elapsed = 00:00:00.050 . Memory (MB): peak = 1138.641 ; gain = 0.000
INFO: [runtcl-4] Executing : report_utilization -file z1top_utilization_placed.rpt -pb z1top_utilization_placed.pb
report_utilization: Time (s): cpu = 00:00:00 ; elapsed = 00:00:00.045 . Memory (MB): peak = 1138.641 ; gain = 0.000
INFO: [runtcl-4] Executing : report_control_sets -verbose -file z1top_control_sets_placed.rpt
report_control_sets: Time (s): cpu = 00:00:00 ; elapsed = 00:00:00.005 . Memory (MB): peak = 1138.641 ; gain = 0.000
Command: route_design
Attempting to get a license for feature 'Implementation' and/or device 'xc7z020'
INFO: [Common 17-349] Got license for feature 'Implementation' and/or device 'xc7z020'
Running DRC as a precondition to command route_design
INFO: [DRC 23-27] Running DRC with 2 threads
INFO: [Vivado_Tcl 4-198] DRC finished with 0 Errors
INFO: [Vivado_Tcl 4-199] Please refer to the DRC report (report_drc) for more information.


Starting Routing Task
INFO: [Route 35-254] Multithreading enabled for route_design using a maximum of 2 CPUs
Checksum: PlaceDB: 78ff3d65 ConstDB: 0 ShapeSum: d07c4030 RouteDB: 0

Phase 1 Build RT Design
Phase 1 Build RT Design | Checksum: f35f10c7

Time (s): cpu = 00:00:28 ; elapsed = 00:00:25 . Memory (MB): peak = 1262.949 ; gain = 124.309
Post Restoration Checksum: NetGraph: 8ab00b0c NumContArr: 68af05bb Constraints: 0 Timing: 0

Phase 2 Router Initialization
INFO: [Route 35-64] No timing constraints were detected. The router will operate in resource-optimization mode.

Phase 2.1 Fix Topology Constraints
Phase 2.1 Fix Topology Constraints | Checksum: f35f10c7

Time (s): cpu = 00:00:28 ; elapsed = 00:00:25 . Memory (MB): peak = 1269.305 ; gain = 130.664

Phase 2.2 Pre Route Cleanup
Phase 2.2 Pre Route Cleanup | Checksum: f35f10c7

Time (s): cpu = 00:00:28 ; elapsed = 00:00:25 . Memory (MB): peak = 1269.305 ; gain = 130.664
 Number of Nodes with overlaps = 0
Phase 2 Router Initialization | Checksum: ef2a158e

Time (s): cpu = 00:00:28 ; elapsed = 00:00:25 . Memory (MB): peak = 1289.340 ; gain = 150.699

Phase 3 Initial Routing
Phase 3 Initial Routing | Checksum: 1434375dc

Time (s): cpu = 00:00:29 ; elapsed = 00:00:25 . Memory (MB): peak = 1289.340 ; gain = 150.699

Phase 4 Rip-up And Reroute

Phase 4.1 Global Iteration 0
 Number of Nodes with overlaps = 8
 Number of Nodes with overlaps = 0
Phase 4.1 Global Iteration 0 | Checksum: 15aaed954

Time (s): cpu = 00:00:29 ; elapsed = 00:00:25 . Memory (MB): peak = 1289.340 ; gain = 150.699
Phase 4 Rip-up And Reroute | Checksum: 15aaed954

Time (s): cpu = 00:00:29 ; elapsed = 00:00:25 . Memory (MB): peak = 1289.340 ; gain = 150.699

Phase 5 Delay and Skew Optimization
Phase 5 Delay and Skew Optimization | Checksum: 15aaed954

Time (s): cpu = 00:00:29 ; elapsed = 00:00:25 . Memory (MB): peak = 1289.340 ; gain = 150.699

Phase 6 Post Hold Fix

Phase 6.1 Hold Fix Iter
Phase 6.1 Hold Fix Iter | Checksum: 15aaed954

Time (s): cpu = 00:00:29 ; elapsed = 00:00:25 . Memory (MB): peak = 1289.340 ; gain = 150.699
Phase 6 Post Hold Fix | Checksum: 15aaed954

Time (s): cpu = 00:00:29 ; elapsed = 00:00:25 . Memory (MB): peak = 1289.340 ; gain = 150.699

Phase 7 Route finalize

Router Utilization Summary
  Global Vertical Routing Utilization    = 0.0106141 %
  Global Horizontal Routing Utilization  = 0.00718391 %
  Routable Net Status*
  *Does not include unroutable nets such as driverless and loadless.
  Run report_route_status for detailed report.
  Number of Failed Nets               = 0
  Number of Unrouted Nets             = 0
  Number of Partially Routed Nets     = 0
  Number of Node Overlaps             = 0

Utilization threshold used for congestion level computation: 0.85
Congestion Report
North Dir 1x1 Area, Max Cong = 12.6126%, No Congested Regions.
South Dir 1x1 Area, Max Cong = 5.40541%, No Congested Regions.
East Dir 1x1 Area, Max Cong = 11.7647%, No Congested Regions.
West Dir 1x1 Area, Max Cong = 10.2941%, No Congested Regions.
Phase 7 Route finalize | Checksum: 15aaed954

Time (s): cpu = 00:00:29 ; elapsed = 00:00:25 . Memory (MB): peak = 1289.340 ; gain = 150.699

Phase 8 Verifying routed nets

 Verification completed successfully
Phase 8 Verifying routed nets | Checksum: 15aaed954

Time (s): cpu = 00:00:29 ; elapsed = 00:00:25 . Memory (MB): peak = 1289.340 ; gain = 150.699

Phase 9 Depositing Routes
Phase 9 Depositing Routes | Checksum: dfce2c74

Time (s): cpu = 00:00:29 ; elapsed = 00:00:25 . Memory (MB): peak = 1289.340 ; gain = 150.699
INFO: [Route 35-16] Router Completed Successfully

Time (s): cpu = 00:00:29 ; elapsed = 00:00:25 . Memory (MB): peak = 1289.340 ; gain = 150.699

Routing Is Done.
INFO: [Common 17-83] Releasing license: Implementation
54 Infos, 0 Warnings, 0 Critical Warnings and 0 Errors encountered.
route_design completed successfully
route_design: Time (s): cpu = 00:00:30 ; elapsed = 00:00:26 . Memory (MB): peak = 1289.340 ; gain = 150.699
Writing placer database...
Writing XDEF routing.
Writing XDEF routing logical nets.
Writing XDEF routing special nets.
Write XDEF Complete: Time (s): cpu = 00:00:00 ; elapsed = 00:00:00.082 . Memory (MB): peak = 1289.340 ; gain = 0.000
INFO: [Common 17-1381] The checkpoint 'C:/fpga_labs_sp18/lab5/lab5/lab5.runs/impl_1/z1top_routed.dcp' has been generated.
INFO: [runtcl-4] Executing : report_drc -file z1top_drc_routed.rpt -pb z1top_drc_routed.pb -rpx z1top_drc_routed.rpx
Command: report_drc -file z1top_drc_routed.rpt -pb z1top_drc_routed.pb -rpx z1top_drc_routed.rpx
INFO: [IP_Flow 19-1839] IP Catalog is up to date.
INFO: [DRC 23-27] Running DRC with 2 threads
INFO: [Coretcl 2-168] The results of DRC are in file C:/fpga_labs_sp18/lab5/lab5/lab5.runs/impl_1/z1top_drc_routed.rpt.
report_drc completed successfully
INFO: [runtcl-4] Executing : report_methodology -file z1top_methodology_drc_routed.rpt -pb z1top_methodology_drc_routed.pb -rpx z1top_methodology_drc_routed.rpx
Command: report_methodology -file z1top_methodology_drc_routed.rpt -pb z1top_methodology_drc_routed.pb -rpx z1top_methodology_drc_routed.rpx
INFO: [Timing 38-35] Done setting XDC timing constraints.
INFO: [Timing 38-35] Done setting XDC timing constraints.
INFO: [DRC 23-133] Running Methodology with 2 threads
INFO: [Coretcl 2-1520] The results of Report Methodology are in file C:/fpga_labs_sp18/lab5/lab5/lab5.runs/impl_1/z1top_methodology_drc_routed.rpt.
report_methodology completed successfully
INFO: [runtcl-4] Executing : report_power -file z1top_power_routed.rpt -pb z1top_power_summary_routed.pb -rpx z1top_power_routed.rpx
Command: report_power -file z1top_power_routed.rpt -pb z1top_power_summary_routed.pb -rpx z1top_power_routed.rpx
WARNING: [Power 33-232] No user defined clocks were found in the design!
Resolution: Please specify clocks using create_clock/create_generated_clock for sequential elements. For pure combinatorial circuits, please specify a virtual clock, otherwise the vectorless estimation might be inaccurate
INFO: [Timing 38-35] Done setting XDC timing constraints.
Running Vector-less Activity Propagation...

Finished Running Vector-less Activity Propagation
66 Infos, 1 Warnings, 0 Critical Warnings and 0 Errors encountered.
report_power completed successfully
INFO: [runtcl-4] Executing : report_route_status -file z1top_route_status.rpt -pb z1top_route_status.pb
INFO: [runtcl-4] Executing : report_timing_summary -max_paths 10 -file z1top_timing_summary_routed.rpt -rpx z1top_timing_summary_routed.rpx -warn_on_violation 
INFO: [Timing 38-91] UpdateTimingParams: Speed grade: -3, Delay Type: min_max.
INFO: [Timing 38-191] Multithreading enabled for timing update using a maximum of 2 CPUs
WARNING: [Timing 38-313] There are no user specified timing constraints. Timing constraints are needed for proper timing analysis.
INFO: [runtcl-4] Executing : report_incremental_reuse -file z1top_incremental_reuse_routed.rpt
INFO: [Vivado_Tcl 4-545] No incremental reuse to report, no incremental placement and routing data was found.
INFO: [runtcl-4] Executing : report_clock_utilization -file z1top_clock_utilization_routed.rpt
Command: write_bitstream -force z1top.bit
Attempting to get a license for feature 'Implementation' and/or device 'xc7z020'
INFO: [Common 17-349] Got license for feature 'Implementation' and/or device 'xc7z020'
Running DRC as a precondition to command write_bitstream
INFO: [IP_Flow 19-1839] IP Catalog is up to date.
INFO: [DRC 23-27] Running DRC with 2 threads
WARNING: [DRC ZPS7-1] PS7 block required: The PS7 cell must be used in this Zynq design in order to enable correct default configuration.
INFO: [Vivado 12-3199] DRC finished with 0 Errors, 1 Warnings
INFO: [Vivado 12-3200] Please refer to the DRC report (report_drc) for more information.
INFO: [Project 1-821] Please set project.enableDesignId to be 'true'.
INFO: [Designutils 20-2272] Running write_bitstream with 2 threads.
Loading data files...
Loading site data...
Loading route data...
Processing options...
Creating bitmap...
Creating bitstream...
Writing bitstream ./z1top.bit...
INFO: [Vivado 12-1842] Bitgen Completed Successfully.
INFO: [Project 1-120] WebTalk data collection is mandatory when using a WebPACK part without a full Vivado license. To see the specific WebTalk data collected for your design, open the usage_statistics_webtalk.html or usage_statistics_webtalk.xml file in the implementation directory.
INFO: [Common 17-186] 'C:/fpga_labs_sp18/lab5/lab5/lab5.runs/impl_1/usage_statistics_webtalk.xml' has been successfully sent to Xilinx on Wed Mar 14 20:16:09 2018. For additional details about this file, please refer to the WebTalk help file at C:/Xilinx/Vivado/2017.4/doc/webtalk_introduction.html.
INFO: [Common 17-83] Releasing license: Implementation
84 Infos, 3 Warnings, 0 Critical Warnings and 0 Errors encountered.
write_bitstream completed successfully
write_bitstream: Time (s): cpu = 00:00:15 ; elapsed = 00:00:16 . Memory (MB): peak = 1735.715 ; gain = 424.547
INFO: [Common 17-206] Exiting Vivado at Wed Mar 14 20:16:09 2018...
