INFO: [VRFC 10-2263] Analyzing Verilog file "C:/fpga_labs_sp18/lab4/lab4/lab4.srcs/sources_1/new/button_parser.v" into library xil_defaultlib
INFO: [VRFC 10-311] analyzing module button_parser
INFO: [VRFC 10-2263] Analyzing Verilog file "C:/fpga_labs_sp18/lab4/lab4/lab4.srcs/sources_1/new/debouncer.v" into library xil_defaultlib
INFO: [VRFC 10-311] analyzing module debouncer
INFO: [VRFC 10-2263] Analyzing Verilog file "C:/fpga_labs_sp18/lab4/lab4/lab4.srcs/sources_1/new/edge_detector.v" into library xil_defaultlib
INFO: [VRFC 10-311] analyzing module edge_detector
WARNING: [VRFC 10-756] identifier last_signal is used before its declaration [C:/fpga_labs_sp18/lab4/lab4/lab4.srcs/sources_1/new/edge_detector.v:14]
INFO: [VRFC 10-2263] Analyzing Verilog file "C:/fpga_labs_sp18/lab4/lab4/lab4.srcs/sources_1/new/music_streamer.v" into library xil_defaultlib
INFO: [VRFC 10-311] analyzing module music_streamer
INFO: [VRFC 10-2458] undeclared symbol tone_to_tone, assumed default net type wire [C:/fpga_labs_sp18/lab4/lab4/lab4.srcs/sources_1/new/music_streamer.v:32]
WARNING: [VRFC 10-756] identifier current_state is used before its declaration [C:/fpga_labs_sp18/lab4/lab4/lab4.srcs/sources_1/new/music_streamer.v:73]
WARNING: [VRFC 10-756] identifier current_state is used before its declaration [C:/fpga_labs_sp18/lab4/lab4/lab4.srcs/sources_1/new/music_streamer.v:74]
WARNING: [VRFC 10-756] identifier current_state is used before its declaration [C:/fpga_labs_sp18/lab4/lab4/lab4.srcs/sources_1/new/music_streamer.v:75]
ERROR: [VRFC 10-1280] procedural assignment to a non-register tone is not permitted, left-hand side should be reg/integer/time/genvar [C:/fpga_labs_sp18/lab4/lab4/lab4.srcs/sources_1/new/music_streamer.v:102]
ERROR: [VRFC 10-1280] procedural assignment to a non-register tone is not permitted, left-hand side should be reg/integer/time/genvar [C:/fpga_labs_sp18/lab4/lab4/lab4.srcs/sources_1/new/music_streamer.v:102]
ERROR: [VRFC 10-1280] procedural assignment to a non-register tone is not permitted, left-hand side should be reg/integer/time/genvar [C:/fpga_labs_sp18/lab4/lab4/lab4.srcs/sources_1/new/music_streamer.v:115]
ERROR: [VRFC 10-1280] procedural assignment to a non-register tone is not permitted, left-hand side should be reg/integer/time/genvar [C:/fpga_labs_sp18/lab4/lab4/lab4.srcs/sources_1/new/music_streamer.v:115]
ERROR: [VRFC 10-1280] procedural assignment to a non-register tone is not permitted, left-hand side should be reg/integer/time/genvar [C:/fpga_labs_sp18/lab4/lab4/lab4.srcs/sources_1/new/music_streamer.v:125]
ERROR: [VRFC 10-1280] procedural assignment to a non-register tone is not permitted, left-hand side should be reg/integer/time/genvar [C:/fpga_labs_sp18/lab4/lab4/lab4.srcs/sources_1/new/music_streamer.v:125]
ERROR: [VRFC 10-1280] procedural assignment to a non-register tone is not permitted, left-hand side should be reg/integer/time/genvar [C:/fpga_labs_sp18/lab4/lab4/lab4.srcs/sources_1/new/music_streamer.v:138]
ERROR: [VRFC 10-1280] procedural assignment to a non-register tone is not permitted, left-hand side should be reg/integer/time/genvar [C:/fpga_labs_sp18/lab4/lab4/lab4.srcs/sources_1/new/music_streamer.v:138]
ERROR: [VRFC 10-1040] module music_streamer ignored due to previous errors [C:/fpga_labs_sp18/lab4/lab4/lab4.srcs/sources_1/new/music_streamer.v:5]
