#
# An unexpected error has occurred (6)
#
Stack:
/lib64/libc.so.6() [0x33e5c32510]
/lib64/libc.so.6(gsignal+0x35) [0x33e5c32495]
/lib64/libc.so.6(abort+0x175) [0x33e5c33c75]
/opt/Xilinx/Vivado/current/lib/lnx64.o/libstdc++.so.6(_ZN9__gnu_cxx27__verbose_terminate_handlerEv+0x155) [0x7f04412a2a95]
/opt/Xilinx/Vivado/current/lib/lnx64.o/libstdc++.so.6(+0x5dc06) [0x7f04412a0c06]
/opt/Xilinx/Vivado/current/lib/lnx64.o/libstdc++.so.6(+0x5ccc9) [0x7f044129fcc9]
/opt/Xilinx/Vivado/current/lib/lnx64.o/libstdc++.so.6(__gxx_personality_v0+0x52a) [0x7f04412a087a]
/opt/Xilinx/Vivado/current/lib/lnx64.o/libgcc_s.so.1(+0xf6d3) [0x7f044103c6d3]
/opt/Xilinx/Vivado/current/lib/lnx64.o/libgcc_s.so.1(_Unwind_Resume+0x57) [0x7f044103cc07]
/opt/Xilinx/Vivado/current/lib/lnx64.o/librdi_simbridge_kernel.so(+0x47196) [0x7f040ba37196]
/opt/Xilinx/Vivado/current/lib/lnx64.o/librdi_simbridge_kernel.so(SimBridge::WdbLiveReader::~WdbLiveReader()+0x124) [0x7f040ba43be4]
/opt/Xilinx/Vivado/current/lib/lnx64.o/librdi_simbridge_kernel.so(SimBridge::WdbLiveReader::~WdbLiveReader()+0x9) [0x7f040ba43cb9]
/opt/Xilinx/Vivado/current/lib/lnx64.o/librdi_wavedata.so(SimBridge::DataObjMgr::~DataObjMgr()+0x2b) [0x7f0411dcddfb]
/opt/Xilinx/Vivado/current/lib/lnx64.o/librdi_wavedata.so(SimBridge::DataReader::~DataReader()+0x220) [0x7f0411dd5190]
/opt/Xilinx/Vivado/current/lib/lnx64.o/librdi_wavedata.so(+0x19a728) [0x7f0411deb728]
/opt/Xilinx/Vivado/current/lib/lnx64.o/librdi_wavedata.so(SimBridge::LiveSimClient::~LiveSimClient()+0x21) [0x7f0411deaa91]
/opt/Xilinx/Vivado/current/lib/lnx64.o/librdi_wavedata.so(SimBridge::LiveSimClient::~LiveSimClient()+0x9) [0x7f0411deaaf9]
/opt/Xilinx/Vivado/current/lib/lnx64.o/librdi_simdata.so(RSDData::RSDLiveSimulationObject::closeLiveSimClient()+0x6a) [0x7f041575d37a]
/opt/Xilinx/Vivado/current/lib/lnx64.o/librdi_simdata.so(RSDData::RSDLiveSimulationObject::~RSDLiveSimulationObject()+0x24) [0x7f041575d4d4]
/opt/Xilinx/Vivado/current/lib/lnx64.o/librdi_simdata.so(RSDData::RSDLiveSimulationObject::~RSDLiveSimulationObject()+0x9) [0x7f041575d509]
/opt/Xilinx/Vivado/current/lib/lnx64.o/librdi_simtcltasks.so(+0x210404) [0x7f03df908404]
/opt/Xilinx/Vivado/current/lib/lnx64.o/librdi_common.so(+0x5f8f37) [0x7f0441d49f37]
/opt/Xilinx/Vivado/current/lib/lnx64.o/libtcl8.5.so(+0x331f5) [0x7f043d5041f5]
/opt/Xilinx/Vivado/current/lib/lnx64.o/libtcl8.5.so(+0x76bbe) [0x7f043d547bbe]
/opt/Xilinx/Vivado/current/lib/lnx64.o/libtcl8.5.so(+0x7e767) [0x7f043d54f767]
/opt/Xilinx/Vivado/current/lib/lnx64.o/libtcl8.5.so(TclEvalObjEx+0x77) [0x7f043d506327]
/opt/Xilinx/Vivado/current/lib/lnx64.o/librdi_common.so(+0x5f864c) [0x7f0441d4964c]
/opt/Xilinx/Vivado/current/lib/lnx64.o/libtcl8.5.so(Tcl_ServiceEvent+0x87) [0x7f043d578b37]
/opt/Xilinx/Vivado/current/lib/lnx64.o/libtcl8.5.so(Tcl_DoOneEvent+0x129) [0x7f043d578e69]
/opt/Xilinx/Vivado/current/lib/lnx64.o/librdi_commontasks.so(+0x304aa5) [0x7f04334a1aa5]
/opt/Xilinx/Vivado/current/lib/lnx64.o/librdi_commontasks.so(+0x30c28b) [0x7f04334a928b]
/opt/Xilinx/Vivado/current/lib/lnx64.o/librdi_commontasks.so(+0x304d43) [0x7f04334a1d43]
/opt/Xilinx/Vivado/current/lib/lnx64.o/librdi_common.so(+0x5f8f37) [0x7f0441d49f37]
/opt/Xilinx/Vivado/current/lib/lnx64.o/libtcl8.5.so(+0x331f5) [0x7f043d5041f5]
/opt/Xilinx/Vivado/current/lib/lnx64.o/libtcl8.5.so(+0x76bbe) [0x7f043d547bbe]
/opt/Xilinx/Vivado/current/lib/lnx64.o/libtcl8.5.so(+0x7e767) [0x7f043d54f767]
/opt/Xilinx/Vivado/current/lib/lnx64.o/libtcl8.5.so(TclEvalObjEx+0x77) [0x7f043d506327]
/opt/Xilinx/Vivado/current/lib/lnx64.o/librdi_commonmain.so(+0x6430) [0x7f044154c430]
/opt/Xilinx/Vivado/current/lib/lnx64.o/libtcl8.5.so(Tcl_Main+0x1d5) [0x7f043d571175]
/opt/Xilinx/Vivado/current/lib/lnx64.o/librdi_common.so(+0x631d09) [0x7f0441d82d09]
/lib64/libpthread.so.0() [0x33e6807aa1]
/lib64/libc.so.6(clone+0x6d) [0x33e5ce8bcd]
