
*** Running vivado
    with args -log z1top.vdi -applog -m64 -product Vivado -messageDb vivado.pb -mode batch -source z1top.tcl -notrace


****** Vivado v2016.4 (64-bit)
  **** SW Build 1733598 on Wed Dec 14 22:35:42 MST 2016
  **** IP Build 1731160 on Wed Dec 14 23:47:21 MST 2016
    ** Copyright 1986-2016 Xilinx, Inc. All Rights Reserved.

source z1top.tcl -notrace
Design is defaulting to srcset: sources_1
Design is defaulting to constrset: constrs_1
INFO: [Netlist 29-17] Analyzing 25 Unisim elements for replacement
INFO: [Netlist 29-28] Unisim Transformation completed in 0 CPU seconds
INFO: [Project 1-479] Netlist was created with Vivado 2016.4
INFO: [Device 21-403] Loading part xc7z020clg400-3
INFO: [Project 1-570] Preparing netlist for logic optimization
Parsing XDC File [/home/cc/eecs151/sp18/class/eecs151-aaq/fpga_labs_sp18/lab2/lab2.srcs/constrs_1/PYNQ-Z1_C.xdc]
Finished Parsing XDC File [/home/cc/eecs151/sp18/class/eecs151-aaq/fpga_labs_sp18/lab2/lab2.srcs/constrs_1/PYNQ-Z1_C.xdc]
INFO: [Opt 31-138] Pushed 0 inverter(s) to 0 load pin(s).
INFO: [Project 1-111] Unisim Transformation Summary:
No Unisim elements were transformed.

link_design: Time (s): cpu = 00:00:05 ; elapsed = 00:00:06 . Memory (MB): peak = 1375.113 ; gain = 279.387 ; free physical = 11125 ; free virtual = 20963
INFO: [Vivado_Tcl 4-424] Cannot write hardware definition file as there are no IPI block design hardware handoff files present
Command: opt_design
Attempting to get a license for feature 'Implementation' and/or device 'xc7z020'
INFO: [Common 17-349] Got license for feature 'Implementation' and/or device 'xc7z020'
Running DRC as a precondition to command opt_design

Starting DRC Task
INFO: [DRC 23-27] Running DRC with 4 threads
INFO: [Project 1-461] DRC finished with 0 Errors
INFO: [Project 1-462] Please refer to the DRC report (report_drc) for more information.

Time (s): cpu = 00:00:01 ; elapsed = 00:00:00.36 . Memory (MB): peak = 1439.129 ; gain = 64.016 ; free physical = 11103 ; free virtual = 20940
INFO: [Timing 38-35] Done setting XDC timing constraints.

Starting Logic Optimization Task
Implement Debug Cores | Checksum: d4b977aa

Phase 1 Retarget
INFO: [Opt 31-138] Pushed 0 inverter(s) to 0 load pin(s).
INFO: [Opt 31-49] Retargeted 0 cell(s).
Phase 1 Retarget | Checksum: 19ca79059

Time (s): cpu = 00:00:00.02 ; elapsed = 00:00:00.02 . Memory (MB): peak = 1860.621 ; gain = 0.000 ; free physical = 10746 ; free virtual = 20584

Phase 2 Constant propagation
INFO: [Opt 31-138] Pushed 0 inverter(s) to 0 load pin(s).
INFO: [Opt 31-10] Eliminated 0 cells.
Phase 2 Constant propagation | Checksum: 19ca79059

Time (s): cpu = 00:00:00.03 ; elapsed = 00:00:00.03 . Memory (MB): peak = 1860.621 ; gain = 0.000 ; free physical = 10746 ; free virtual = 20584

Phase 3 Sweep
INFO: [Opt 31-12] Eliminated 49 unconnected nets.
INFO: [Opt 31-11] Eliminated 0 unconnected cells.
Phase 3 Sweep | Checksum: 176b4e734

Time (s): cpu = 00:00:00.04 ; elapsed = 00:00:00.04 . Memory (MB): peak = 1860.621 ; gain = 0.000 ; free physical = 10746 ; free virtual = 20584

Phase 4 BUFG optimization
INFO: [Opt 31-12] Eliminated 0 unconnected nets.
INFO: [Opt 31-11] Eliminated 0 unconnected cells.
Phase 4 BUFG optimization | Checksum: 176b4e734

Time (s): cpu = 00:00:00.05 ; elapsed = 00:00:00.05 . Memory (MB): peak = 1860.621 ; gain = 0.000 ; free physical = 10746 ; free virtual = 20584

Starting Connectivity Check Task

Time (s): cpu = 00:00:00.01 ; elapsed = 00:00:00.01 . Memory (MB): peak = 1860.621 ; gain = 0.000 ; free physical = 10746 ; free virtual = 20584
Ending Logic Optimization Task | Checksum: 176b4e734

Time (s): cpu = 00:00:00.06 ; elapsed = 00:00:00.06 . Memory (MB): peak = 1860.621 ; gain = 0.000 ; free physical = 10746 ; free virtual = 20584

Starting Power Optimization Task
INFO: [Pwropt 34-132] Skipping clock gating for clocks with a period < 2.00 ns.
Ending Power Optimization Task | Checksum: 176b4e734

Time (s): cpu = 00:00:00.01 ; elapsed = 00:00:00.01 . Memory (MB): peak = 1860.621 ; gain = 0.000 ; free physical = 10746 ; free virtual = 20584
INFO: [Common 17-83] Releasing license: Implementation
23 Infos, 0 Warnings, 0 Critical Warnings and 0 Errors encountered.
opt_design completed successfully
opt_design: Time (s): cpu = 00:00:10 ; elapsed = 00:00:09 . Memory (MB): peak = 1860.621 ; gain = 485.508 ; free physical = 10746 ; free virtual = 20584
Writing placer database...
Writing XDEF routing.
Writing XDEF routing logical nets.
Writing XDEF routing special nets.
Write XDEF Complete: Time (s): cpu = 00:00:00.05 ; elapsed = 00:00:00.04 . Memory (MB): peak = 1890.629 ; gain = 0.000 ; free physical = 10744 ; free virtual = 20584
INFO: [Common 17-1381] The checkpoint '/home/cc/eecs151/sp18/class/eecs151-aaq/fpga_labs_sp18/lab2/lab2.runs/impl_1/z1top_opt.dcp' has been generated.
INFO: [DRC 23-27] Running DRC with 4 threads
INFO: [Coretcl 2-168] The results of DRC are in file /home/cc/eecs151/sp18/class/eecs151-aaq/fpga_labs_sp18/lab2/lab2.runs/impl_1/z1top_drc_opted.rpt.
INFO: [Chipscope 16-241] No debug cores found in the current design.
Before running the implement_debug_core command, either use the Set Up Debug wizard (GUI mode)
or use the create_debug_core and connect_debug_core Tcl commands to insert debug cores into the design.
Command: place_design
Attempting to get a license for feature 'Implementation' and/or device 'xc7z020'
INFO: [Common 17-349] Got license for feature 'Implementation' and/or device 'xc7z020'
INFO: [DRC 23-27] Running DRC with 4 threads
INFO: [Vivado_Tcl 4-198] DRC finished with 0 Errors
INFO: [Vivado_Tcl 4-199] Please refer to the DRC report (report_drc) for more information.
Running DRC as a precondition to command place_design
INFO: [DRC 23-27] Running DRC with 4 threads
INFO: [Vivado_Tcl 4-198] DRC finished with 0 Errors
INFO: [Vivado_Tcl 4-199] Please refer to the DRC report (report_drc) for more information.

Starting Placer Task
INFO: [Place 30-611] Multithreading enabled for place_design using a maximum of 4 CPUs

Phase 1 Placer Initialization
Netlist sorting complete. Time (s): cpu = 00:00:00 ; elapsed = 00:00:00 . Memory (MB): peak = 1900.637 ; gain = 0.000 ; free physical = 10742 ; free virtual = 20580
Netlist sorting complete. Time (s): cpu = 00:00:00 ; elapsed = 00:00:00 . Memory (MB): peak = 1900.637 ; gain = 0.000 ; free physical = 10742 ; free virtual = 20580

Phase 1.1 IO Placement/ Clock Placement/ Build Placer Device
INFO: [Timing 38-35] Done setting XDC timing constraints.
Phase 1.1 IO Placement/ Clock Placement/ Build Placer Device | Checksum: 12438f391

Time (s): cpu = 00:00:00.83 ; elapsed = 00:00:00.53 . Memory (MB): peak = 1916.633 ; gain = 15.996 ; free physical = 10741 ; free virtual = 20579

Phase 1.2 Build Placer Netlist Model
Phase 1.2 Build Placer Netlist Model | Checksum: 1d71c6b5b

Time (s): cpu = 00:00:00.87 ; elapsed = 00:00:00.56 . Memory (MB): peak = 1916.633 ; gain = 15.996 ; free physical = 10741 ; free virtual = 20579

Phase 1.3 Constrain Clocks/Macros
Phase 1.3 Constrain Clocks/Macros | Checksum: 1d71c6b5b

Time (s): cpu = 00:00:00.87 ; elapsed = 00:00:00.56 . Memory (MB): peak = 1916.633 ; gain = 15.996 ; free physical = 10741 ; free virtual = 20579
Phase 1 Placer Initialization | Checksum: 1d71c6b5b

Time (s): cpu = 00:00:00.89 ; elapsed = 00:00:00.57 . Memory (MB): peak = 1916.633 ; gain = 15.996 ; free physical = 10740 ; free virtual = 20578

Phase 2 Global Placement
Phase 2 Global Placement | Checksum: 1a1585d44

Time (s): cpu = 00:00:01 ; elapsed = 00:00:00.79 . Memory (MB): peak = 1956.645 ; gain = 56.008 ; free physical = 10733 ; free virtual = 20571

Phase 3 Detail Placement

Phase 3.1 Commit Multi Column Macros
Phase 3.1 Commit Multi Column Macros | Checksum: 1a1585d44

Time (s): cpu = 00:00:01 ; elapsed = 00:00:00.79 . Memory (MB): peak = 1956.645 ; gain = 56.008 ; free physical = 10733 ; free virtual = 20571

Phase 3.2 Commit Most Macros & LUTRAMs
Phase 3.2 Commit Most Macros & LUTRAMs | Checksum: 14cff4b2f

Time (s): cpu = 00:00:01 ; elapsed = 00:00:00.82 . Memory (MB): peak = 1956.645 ; gain = 56.008 ; free physical = 10733 ; free virtual = 20571

Phase 3.3 Area Swap Optimization
Phase 3.3 Area Swap Optimization | Checksum: 1542b702a

Time (s): cpu = 00:00:01 ; elapsed = 00:00:00.83 . Memory (MB): peak = 1956.645 ; gain = 56.008 ; free physical = 10733 ; free virtual = 20571

Phase 3.4 Pipeline Register Optimization
Phase 3.4 Pipeline Register Optimization | Checksum: 1542b702a

Time (s): cpu = 00:00:01 ; elapsed = 00:00:00.84 . Memory (MB): peak = 1956.645 ; gain = 56.008 ; free physical = 10733 ; free virtual = 20571

Phase 3.5 Small Shape Detail Placement
Phase 3.5 Small Shape Detail Placement | Checksum: 1dc6f0581

Time (s): cpu = 00:00:02 ; elapsed = 00:00:00.97 . Memory (MB): peak = 1956.645 ; gain = 56.008 ; free physical = 10729 ; free virtual = 20567

Phase 3.6 Re-assign LUT pins
Phase 3.6 Re-assign LUT pins | Checksum: 1dc6f0581

Time (s): cpu = 00:00:02 ; elapsed = 00:00:00.98 . Memory (MB): peak = 1956.645 ; gain = 56.008 ; free physical = 10729 ; free virtual = 20567

Phase 3.7 Pipeline Register Optimization
Phase 3.7 Pipeline Register Optimization | Checksum: 1dc6f0581

Time (s): cpu = 00:00:02 ; elapsed = 00:00:00.99 . Memory (MB): peak = 1956.645 ; gain = 56.008 ; free physical = 10729 ; free virtual = 20567
Phase 3 Detail Placement | Checksum: 1dc6f0581

Time (s): cpu = 00:00:02 ; elapsed = 00:00:00.99 . Memory (MB): peak = 1956.645 ; gain = 56.008 ; free physical = 10729 ; free virtual = 20567

Phase 4 Post Placement Optimization and Clean-Up

Phase 4.1 Post Commit Optimization
Phase 4.1 Post Commit Optimization | Checksum: 1dc6f0581

Time (s): cpu = 00:00:02 ; elapsed = 00:00:01 . Memory (MB): peak = 1956.645 ; gain = 56.008 ; free physical = 10729 ; free virtual = 20567

Phase 4.2 Post Placement Cleanup
Phase 4.2 Post Placement Cleanup | Checksum: 1dc6f0581

Time (s): cpu = 00:00:02 ; elapsed = 00:00:01 . Memory (MB): peak = 1956.645 ; gain = 56.008 ; free physical = 10729 ; free virtual = 20567

Phase 4.3 Placer Reporting
Phase 4.3 Placer Reporting | Checksum: 1dc6f0581

Time (s): cpu = 00:00:02 ; elapsed = 00:00:01 . Memory (MB): peak = 1956.645 ; gain = 56.008 ; free physical = 10729 ; free virtual = 20567

Phase 4.4 Final Placement Cleanup
Phase 4.4 Final Placement Cleanup | Checksum: 1dc6f0581

Time (s): cpu = 00:00:02 ; elapsed = 00:00:01 . Memory (MB): peak = 1956.645 ; gain = 56.008 ; free physical = 10729 ; free virtual = 20567
Phase 4 Post Placement Optimization and Clean-Up | Checksum: 1dc6f0581

Time (s): cpu = 00:00:02 ; elapsed = 00:00:01 . Memory (MB): peak = 1956.645 ; gain = 56.008 ; free physical = 10729 ; free virtual = 20567
Ending Placer Task | Checksum: 12441bc30

Time (s): cpu = 00:00:02 ; elapsed = 00:00:01 . Memory (MB): peak = 1956.645 ; gain = 56.008 ; free physical = 10729 ; free virtual = 20567
INFO: [Common 17-83] Releasing license: Implementation
37 Infos, 0 Warnings, 0 Critical Warnings and 0 Errors encountered.
place_design completed successfully
Writing placer database...
Writing XDEF routing.
Writing XDEF routing logical nets.
Writing XDEF routing special nets.
Write XDEF Complete: Time (s): cpu = 00:00:00.07 ; elapsed = 00:00:00.05 . Memory (MB): peak = 1956.645 ; gain = 0.000 ; free physical = 10727 ; free virtual = 20567
INFO: [Common 17-1381] The checkpoint '/home/cc/eecs151/sp18/class/eecs151-aaq/fpga_labs_sp18/lab2/lab2.runs/impl_1/z1top_placed.dcp' has been generated.
report_io: Time (s): cpu = 00:00:00.10 ; elapsed = 00:00:00.16 . Memory (MB): peak = 1956.645 ; gain = 0.000 ; free physical = 10728 ; free virtual = 20566
report_utilization: Time (s): cpu = 00:00:00.03 ; elapsed = 00:00:00.09 . Memory (MB): peak = 1956.645 ; gain = 0.000 ; free physical = 10728 ; free virtual = 20566
report_control_sets: Time (s): cpu = 00:00:00.02 ; elapsed = 00:00:00.07 . Memory (MB): peak = 1956.645 ; gain = 0.000 ; free physical = 10727 ; free virtual = 20566
Command: route_design
Attempting to get a license for feature 'Implementation' and/or device 'xc7z020'
INFO: [Common 17-349] Got license for feature 'Implementation' and/or device 'xc7z020'
Running DRC as a precondition to command route_design
INFO: [DRC 23-27] Running DRC with 4 threads
INFO: [Vivado_Tcl 4-198] DRC finished with 0 Errors
INFO: [Vivado_Tcl 4-199] Please refer to the DRC report (report_drc) for more information.


Starting Routing Task
INFO: [Route 35-254] Multithreading enabled for route_design using a maximum of 4 CPUs
Checksum: PlaceDB: eb2cb8c1 ConstDB: 0 ShapeSum: 3915036f RouteDB: 0

Phase 1 Build RT Design
Phase 1 Build RT Design | Checksum: 1397e7865

Time (s): cpu = 00:00:20 ; elapsed = 00:00:16 . Memory (MB): peak = 1996.312 ; gain = 39.668 ; free physical = 10607 ; free virtual = 20445

Phase 2 Router Initialization
INFO: [Route 35-64] No timing constraints were detected. The router will operate in resource-optimization mode.

Phase 2.1 Fix Topology Constraints
Phase 2.1 Fix Topology Constraints | Checksum: 1397e7865

Time (s): cpu = 00:00:20 ; elapsed = 00:00:16 . Memory (MB): peak = 2009.312 ; gain = 52.668 ; free physical = 10593 ; free virtual = 20431

Phase 2.2 Pre Route Cleanup
Phase 2.2 Pre Route Cleanup | Checksum: 1397e7865

Time (s): cpu = 00:00:20 ; elapsed = 00:00:16 . Memory (MB): peak = 2009.312 ; gain = 52.668 ; free physical = 10593 ; free virtual = 20431
 Number of Nodes with overlaps = 0
Phase 2 Router Initialization | Checksum: 11367a17b

Time (s): cpu = 00:00:21 ; elapsed = 00:00:16 . Memory (MB): peak = 2031.367 ; gain = 74.723 ; free physical = 10572 ; free virtual = 20410

Phase 3 Initial Routing
Phase 3 Initial Routing | Checksum: 634ceb1d

Time (s): cpu = 00:00:21 ; elapsed = 00:00:16 . Memory (MB): peak = 2031.367 ; gain = 74.723 ; free physical = 10572 ; free virtual = 20409

Phase 4 Rip-up And Reroute

Phase 4.1 Global Iteration 0
 Number of Nodes with overlaps = 0
Phase 4.1 Global Iteration 0 | Checksum: 1145a1a08

Time (s): cpu = 00:00:21 ; elapsed = 00:00:16 . Memory (MB): peak = 2031.367 ; gain = 74.723 ; free physical = 10572 ; free virtual = 20409
Phase 4 Rip-up And Reroute | Checksum: 1145a1a08

Time (s): cpu = 00:00:21 ; elapsed = 00:00:16 . Memory (MB): peak = 2031.367 ; gain = 74.723 ; free physical = 10572 ; free virtual = 20409

Phase 5 Delay and Skew Optimization
Phase 5 Delay and Skew Optimization | Checksum: 1145a1a08

Time (s): cpu = 00:00:21 ; elapsed = 00:00:16 . Memory (MB): peak = 2031.367 ; gain = 74.723 ; free physical = 10572 ; free virtual = 20409

Phase 6 Post Hold Fix

Phase 6.1 Hold Fix Iter
Phase 6.1 Hold Fix Iter | Checksum: 1145a1a08

Time (s): cpu = 00:00:21 ; elapsed = 00:00:16 . Memory (MB): peak = 2031.367 ; gain = 74.723 ; free physical = 10572 ; free virtual = 20409
Phase 6 Post Hold Fix | Checksum: 1145a1a08

Time (s): cpu = 00:00:21 ; elapsed = 00:00:16 . Memory (MB): peak = 2031.367 ; gain = 74.723 ; free physical = 10572 ; free virtual = 20409

Phase 7 Route finalize

Router Utilization Summary
  Global Vertical Routing Utilization    = 0.0230921 %
  Global Horizontal Routing Utilization  = 0.0141988 %
  Routable Net Status*
  *Does not include unroutable nets such as driverless and loadless.
  Run report_route_status for detailed report.
  Number of Failed Nets               = 0
  Number of Unrouted Nets             = 0
  Number of Partially Routed Nets     = 0
  Number of Node Overlaps             = 0

Congestion Report
North Dir 1x1 Area, Max Cong = 12.6126%, No Congested Regions.
South Dir 1x1 Area, Max Cong = 16.2162%, No Congested Regions.
East Dir 1x1 Area, Max Cong = 26.4706%, No Congested Regions.
West Dir 1x1 Area, Max Cong = 11.7647%, No Congested Regions.
Phase 7 Route finalize | Checksum: 1145a1a08

Time (s): cpu = 00:00:21 ; elapsed = 00:00:16 . Memory (MB): peak = 2031.367 ; gain = 74.723 ; free physical = 10572 ; free virtual = 20409

Phase 8 Verifying routed nets

 Verification completed successfully
Phase 8 Verifying routed nets | Checksum: 1145a1a08

Time (s): cpu = 00:00:21 ; elapsed = 00:00:16 . Memory (MB): peak = 2031.367 ; gain = 74.723 ; free physical = 10572 ; free virtual = 20409

Phase 9 Depositing Routes
Phase 9 Depositing Routes | Checksum: 3458203f

Time (s): cpu = 00:00:21 ; elapsed = 00:00:16 . Memory (MB): peak = 2031.367 ; gain = 74.723 ; free physical = 10572 ; free virtual = 20409
INFO: [Route 35-16] Router Completed Successfully

Time (s): cpu = 00:00:21 ; elapsed = 00:00:16 . Memory (MB): peak = 2031.367 ; gain = 74.723 ; free physical = 10572 ; free virtual = 20409

Routing Is Done.
INFO: [Common 17-83] Releasing license: Implementation
46 Infos, 0 Warnings, 0 Critical Warnings and 0 Errors encountered.
route_design completed successfully
route_design: Time (s): cpu = 00:00:23 ; elapsed = 00:00:17 . Memory (MB): peak = 2031.371 ; gain = 74.727 ; free physical = 10571 ; free virtual = 20409
Writing placer database...
Writing XDEF routing.
Writing XDEF routing logical nets.
Writing XDEF routing special nets.
Write XDEF Complete: Time (s): cpu = 00:00:00.09 ; elapsed = 00:00:00.06 . Memory (MB): peak = 2031.371 ; gain = 0.000 ; free physical = 10569 ; free virtual = 20408
INFO: [Common 17-1381] The checkpoint '/home/cc/eecs151/sp18/class/eecs151-aaq/fpga_labs_sp18/lab2/lab2.runs/impl_1/z1top_routed.dcp' has been generated.
INFO: [DRC 23-27] Running DRC with 4 threads
INFO: [Coretcl 2-168] The results of DRC are in file /home/cc/eecs151/sp18/class/eecs151-aaq/fpga_labs_sp18/lab2/lab2.runs/impl_1/z1top_drc_routed.rpt.
INFO: [Timing 38-35] Done setting XDC timing constraints.
INFO: [DRC 23-133] Running Methodology with 4 threads
INFO: [Coretcl 2-1520] The results of Report Methodology are in file /home/cc/eecs151/sp18/class/eecs151-aaq/fpga_labs_sp18/lab2/lab2.runs/impl_1/z1top_methodology_drc_routed.rpt.
INFO: [Timing 38-35] Done setting XDC timing constraints.
INFO: [Timing 38-91] UpdateTimingParams: Speed grade: -3, Delay Type: min_max.
INFO: [Timing 38-191] Multithreading enabled for timing update using a maximum of 4 CPUs
INFO: [Timing 38-35] Done setting XDC timing constraints.
WARNING: [Timing 38-313] There are no user specified timing constraints. Timing constraints are needed for proper timing analysis.
Command: report_power -file z1top_power_routed.rpt -pb z1top_power_summary_routed.pb -rpx z1top_power_routed.rpx
WARNING: [Power 33-232] No user defined clocks were found in the design!
Resolution: Please specify clocks using create_clock/create_generated_clock for sequential elements. For pure combinatorial circuits, please specify a virtual clock, otherwise the vectorless estimation might be inaccurate
Running Vector-less Activity Propagation...

Finished Running Vector-less Activity Propagation
56 Infos, 2 Warnings, 0 Critical Warnings and 0 Errors encountered.
report_power completed successfully
Command: write_bitstream -force -no_partial_bitfile z1top.bit
Attempting to get a license for feature 'Implementation' and/or device 'xc7z020'
INFO: [Common 17-349] Got license for feature 'Implementation' and/or device 'xc7z020'
Running DRC as a precondition to command write_bitstream
INFO: [DRC 23-27] Running DRC with 4 threads
WARNING: [DRC 23-20] Rule violation (ZPS7-1) PS7 block required - The PS7 cell must be used in this Zynq design in order to enable correct default configuration.
INFO: [Vivado 12-3199] DRC finished with 0 Errors, 1 Warnings
INFO: [Vivado 12-3200] Please refer to the DRC report (report_drc) for more information.
Loading data files...
Loading site data...
Loading route data...
Processing options...
Creating bitmap...
Creating bitstream...
Writing bitstream ./z1top.bit...
INFO: [Vivado 12-1842] Bitgen Completed Successfully.
INFO: [Common 17-83] Releasing license: Implementation
62 Infos, 3 Warnings, 0 Critical Warnings and 0 Errors encountered.
write_bitstream completed successfully
write_bitstream: Time (s): cpu = 00:00:09 ; elapsed = 00:00:08 . Memory (MB): peak = 2372.055 ; gain = 278.645 ; free physical = 10223 ; free virtual = 20065
INFO: [Vivado_Tcl 4-395] Unable to parse hwdef file z1top.hwdef
INFO: [Common 17-206] Exiting Vivado at Wed Jan 31 19:11:52 2018...
